<?xml version="1.0" encoding="UTF-8"?>
<!-- Generated by org.testng.reporters.JUnitReportReporter -->
<testsuite hostname="DESKTOP-PLBA2VU" failures="0" tests="3" name="com.comcast.Contact.contactTest" time="0.021" errors="0" timestamp="2021-09-23T13:11:31 IST" skipped="0">
  <testcase classname="com.comcast.Contact.contactTest" name="delectContactTest" time="0.003"/>
  <system-out/>
  <testcase classname="com.comcast.Contact.contactTest" name="createContactTest" time="0.016"/>
  <system-out/>
  <testcase classname="com.comcast.Contact.contactTest" name="createContactWithOrgTest" time="0.002"/>
  <system-out/>
</testsuite> <!-- com.comcast.Contact.contactTest -->
